<?xml version="1.0" encoding="UTF-8"?>
<testsuite xmlns:xsi="http://www.w3.org/2001/XMLSchema-instance" xsi:noNamespaceSchemaLocation="https://maven.apache.org/surefire/maven-surefire-plugin/xsd/surefire-test-report.xsd" name="springboot.service.impl.RedisServiceTest" time="2.102" tests="1" errors="1" skipped="0" failures="0">
  <properties>
[...]
</properties>
  <testcase name="test" classname="springboot.service.impl.RedisServiceTest" time="2.098">
    <error message="An error happened during template parsing (template: &quot;class path resource [templates/themes/ahazww/index.html]&quot;)" type="org.thymeleaf.exceptions.TemplateInputException">org.thymeleaf.exceptions.TemplateInputException: An error happened during template parsing (template: "class path resource [templates/themes/ahazww/index.html]")
	at springboot.service.impl.RedisServiceTest.test(RedisServiceTest.java:60)
Caused by: org.attoparser.ParseException: Exception evaluating SpringEL expression: "keywords ?: commons.site_option('site_keywords')" (template: "themes/ahazww/header" - line 10, col 27)
	at springboot.service.impl.RedisServiceTest.test(RedisServiceTest.java:60)
Caused by: org.thymeleaf.exceptions.TemplateProcessingException: Exception evaluating SpringEL expression: "keywords ?: commons.site_option('site_keywords')" (template: "themes/ahazww/header" - line 10, col 27)
	at springboot.service.impl.RedisServiceTest.test(RedisServiceTest.java:60)
Caused by: org.springframework.expression.spel.SpelEvaluationException: EL1011E: Method call: Attempted to call method site_option(java.lang.String) on null context object
	at springboot.service.impl.RedisServiceTest.test(RedisServiceTest.java:60)
</error>
    <system-out><![CDATA[2019-03-25 17:09:41.858  INFO 11076 --- [           main] .b.t.c.SpringBootTestContextBootstrapper : Neither @ContextConfiguration nor @ContextHierarchy found for test class [springboot.service.impl.RedisServiceTest], using SpringBootContextLoader
2019-03-25 17:09:41.862  INFO 11076 --- [           main] o.s.t.c.support.AbstractContextLoader    : Could not detect default resource locations for test class [springboot.service.impl.RedisServiceTest]: no resource found for suffixes {-context.xml, Context.groovy}.
2019-03-25 17:09:41.864  INFO 11076 --- [           main] t.c.s.AnnotationConfigContextLoaderUtils : Could not detect default configuration classes for test class [springboot.service.impl.RedisServiceTest]: RedisServiceTest does not declare any static, non-private, non-final, nested classes annotated with @Configuration.
2019-03-25 17:09:41.875  INFO 11076 --- [           main] .b.t.c.SpringBootTestContextBootstrapper : Found @SpringBootConfiguration springboot.StartApplication for test class springboot.service.impl.RedisServiceTest
2019-03-25 17:09:41.909  INFO 11076 --- [           main] .b.t.c.SpringBootTestContextBootstrapper : Loaded default TestExecutionListener class names from location [META-INF/spring.factories]: [org.springframework.boot.test.mock.mockito.MockitoTestExecutionListener, org.springframework.boot.test.mock.mockito.ResetMocksTestExecutionListener, org.springframework.boot.test.autoconfigure.restdocs.RestDocsTestExecutionListener, org.springframework.boot.test.autoconfigure.web.client.MockRestServiceServerResetTestExecutionListener, org.springframework.boot.test.autoconfigure.web.servlet.MockMvcPrintOnlyOnFailureTestExecutionListener, org.springframework.boot.test.autoconfigure.web.servlet.WebDriverTestExecutionListener, org.springframework.test.context.web.ServletTestExecutionListener, org.springframework.test.context.support.DirtiesContextBeforeModesTestExecutionListener, org.springframework.test.context.support.DependencyInjectionTestExecutionListener, org.springframework.test.context.support.DirtiesContextTestExecutionListener, org.springframework.test.context.transaction.TransactionalTestExecutionListener, org.springframework.test.context.jdbc.SqlScriptsTestExecutionListener]
2019-03-25 17:09:41.914  INFO 11076 --- [           main] .b.t.c.SpringBootTestContextBootstrapper : Using TestExecutionListeners: [org.springframework.test.context.web.ServletTestExecutionListener@1eab8437, org.springframework.test.context.support.DirtiesContextBeforeModesTestExecutionListener@72eed547, org.springframework.boot.test.mock.mockito.MockitoTestExecutionListener@69ffdaa8, org.springframework.boot.test.autoconfigure.SpringBootDependencyInjectionTestExecutionListener@2a1e57c6, org.springframework.test.context.support.DirtiesContextTestExecutionListener@68d6f48e, org.springframework.test.context.transaction.TransactionalTestExecutionListener@6c96403e, org.springframework.test.context.jdbc.SqlScriptsTestExecutionListener@7babed9e, org.springframework.boot.test.mock.mockito.ResetMocksTestExecutionListener@2353354a, org.springframework.boot.test.autoconfigure.restdocs.RestDocsTestExecutionListener@7c7ed72a, org.springframework.boot.test.autoconfigure.web.client.MockRestServiceServerResetTestExecutionListener@22b7ef2b, org.springframework.boot.test.autoconfigure.web.servlet.MockMvcPrintOnlyOnFailureTestExecutionListener@6d421fe, org.springframework.boot.test.autoconfigure.web.servlet.WebDriverTestExecutionListener@3c17bd0b]
2019-03-25 17:09:42.040 DEBUG 11076 --- [           main] s.d.C.selectByExampleWithBLOBs_COUNT     : ==>  Preparing: SELECT count(0) FROM t_contents WHERE (type = ? AND status = ?) 
2019-03-25 17:09:42.042 DEBUG 11076 --- [           main] s.d.C.selectByExampleWithBLOBs_COUNT     : ==> Parameters: post(String), publish(String)
2019-03-25 17:09:42.183 DEBUG 11076 --- [           main] s.d.C.selectByExampleWithBLOBs_COUNT     : <==      Total: 1
2019-03-25 17:09:42.187 DEBUG 11076 --- [           main] s.d.C.selectByExampleWithBLOBs           : ==>  Preparing: select cid, title, slug, created, modified, author_id, type, status, tags, categories, hits, comments_num, allow_comment, allow_ping, allow_feed, thumbImg , content from t_contents WHERE ( type = ? and status = ? ) order by created desc LIMIT ? 
2019-03-25 17:09:42.195 DEBUG 11076 --- [           main] s.d.C.selectByExampleWithBLOBs           : ==> Parameters: post(String), publish(String), 10(Integer)
2019-03-25 17:09:42.233 DEBUG 11076 --- [           main] s.d.C.selectByExampleWithBLOBs           : <==      Total: 1
2019-03-25 17:09:42.260 DEBUG 11076 --- [           main] s.dao.MetaVoMapper.selectFromSql         : ==>  Preparing: select a.*, count(b.cid) as count from t_metas a left join `t_relationships` b on a.mid = b.mid where a.type = ? group by a.mid order by ? limit ? 
2019-03-25 17:09:42.276 DEBUG 11076 --- [           main] s.dao.MetaVoMapper.selectFromSql         : ==> Parameters: category(String), count desc, assets.mid desc(String), 9999(Integer)
2019-03-25 17:09:42.384 DEBUG 11076 --- [           main] s.dao.MetaVoMapper.selectFromSql         : <==      Total: 1
2019-03-25 17:09:44.372 ERROR 11076 --- [           main] org.thymeleaf.TemplateEngine             : [THYMELEAF][main] Exception processing template "themes/ahazww/index": An error happened during template parsing (template: "class path resource [templates/themes/ahazww/index.html]")

org.thymeleaf.exceptions.TemplateInputException: An error happened during template parsing (template: "class path resource [templates/themes/ahazww/index.html]")
	at org.thymeleaf.templateparser.markup.AbstractMarkupTemplateParser.parse(AbstractMarkupTemplateParser.java:241) ~[thymeleaf-3.0.11.RELEASE.jar:3.0.11.RELEASE]
	at org.thymeleaf.templateparser.markup.AbstractMarkupTemplateParser.parseStandalone(AbstractMarkupTemplateParser.java:100) ~[thymeleaf-3.0.11.RELEASE.jar:3.0.11.RELEASE]
	at org.thymeleaf.engine.TemplateManager.parseAndProcess(TemplateManager.java:666) ~[thymeleaf-3.0.11.RELEASE.jar:3.0.11.RELEASE]
	at org.thymeleaf.TemplateEngine.process(TemplateEngine.java:1098) [thymeleaf-3.0.11.RELEASE.jar:3.0.11.RELEASE]
	at org.thymeleaf.TemplateEngine.process(TemplateEngine.java:1059) [thymeleaf-3.0.11.RELEASE.jar:3.0.11.RELEASE]
	at org.thymeleaf.TemplateEngine.process(TemplateEngine.java:1048) [thymeleaf-3.0.11.RELEASE.jar:3.0.11.RELEASE]
	at springboot.service.impl.RedisServiceTest.test(RedisServiceTest.java:60) [test-classes/:na]
	at sun.reflect.NativeMethodAccessorImpl.invoke0(Native Method) ~[na:1.8.0_40]
	at sun.reflect.NativeMethodAccessorImpl.invoke(NativeMethodAccessorImpl.java:62) ~[na:1.8.0_40]
	at sun.reflect.DelegatingMethodAccessorImpl.invoke(DelegatingMethodAccessorImpl.java:43) ~[na:1.8.0_40]
	at java.lang.reflect.Method.invoke(Method.java:497) ~[na:1.8.0_40]
	at org.junit.runners.model.FrameworkMethod$1.runReflectiveCall(FrameworkMethod.java:59) [junit-4.13-beta-2.jar:4.13-beta-2]
	at org.junit.internal.runners.model.ReflectiveCallable.run(ReflectiveCallable.java:12) [junit-4.13-beta-2.jar:4.13-beta-2]
	at org.junit.runners.model.FrameworkMethod.invokeExplosively(FrameworkMethod.java:56) [junit-4.13-beta-2.jar:4.13-beta-2]
	at org.junit.internal.runners.statements.InvokeMethod.evaluate(InvokeMethod.java:17) [junit-4.13-beta-2.jar:4.13-beta-2]
	at org.springframework.test.context.junit4.statements.RunBeforeTestExecutionCallbacks.evaluate(RunBeforeTestExecutionCallbacks.java:74) [spring-test-5.1.5.RELEASE.jar:5.1.5.RELEASE]
	at org.springframework.test.context.junit4.statements.RunAfterTestExecutionCallbacks.evaluate(RunAfterTestExecutionCallbacks.java:84) [spring-test-5.1.5.RELEASE.jar:5.1.5.RELEASE]
	at org.springframework.test.context.junit4.statements.RunBeforeTestMethodCallbacks.evaluate(RunBeforeTestMethodCallbacks.java:75) [spring-test-5.1.5.RELEASE.jar:5.1.5.RELEASE]
	at org.springframework.test.context.junit4.statements.RunAfterTestMethodCallbacks.evaluate(RunAfterTestMethodCallbacks.java:86) [spring-test-5.1.5.RELEASE.jar:5.1.5.RELEASE]
	at org.springframework.test.context.junit4.statements.SpringRepeat.evaluate(SpringRepeat.java:84) [spring-test-5.1.5.RELEASE.jar:5.1.5.RELEASE]
	at org.junit.runners.ParentRunner.runLeaf(ParentRunner.java:365) [junit-4.13-beta-2.jar:4.13-beta-2]
	at org.springframework.test.context.junit4.SpringJUnit4ClassRunner.runChild(SpringJUnit4ClassRunner.java:251) [spring-test-5.1.5.RELEASE.jar:5.1.5.RELEASE]
	at org.springframework.test.context.junit4.SpringJUnit4ClassRunner.runChild(SpringJUnit4ClassRunner.java:97) [spring-test-5.1.5.RELEASE.jar:5.1.5.RELEASE]
	at org.junit.runners.ParentRunner$4.run(ParentRunner.java:330) [junit-4.13-beta-2.jar:4.13-beta-2]
	at org.junit.runners.ParentRunner$1.schedule(ParentRunner.java:78) [junit-4.13-beta-2.jar:4.13-beta-2]
	at org.junit.runners.ParentRunner.runChildren(ParentRunner.java:328) [junit-4.13-beta-2.jar:4.13-beta-2]
	at org.junit.runners.ParentRunner.access$100(ParentRunner.java:65) [junit-4.13-beta-2.jar:4.13-beta-2]
	at org.junit.runners.ParentRunner$2.evaluate(ParentRunner.java:292) [junit-4.13-beta-2.jar:4.13-beta-2]
	at org.springframework.test.context.junit4.statements.RunBeforeTestClassCallbacks.evaluate(RunBeforeTestClassCallbacks.java:61) [spring-test-5.1.5.RELEASE.jar:5.1.5.RELEASE]
	at org.springframework.test.context.junit4.statements.RunAfterTestClassCallbacks.evaluate(RunAfterTestClassCallbacks.java:70) [spring-test-5.1.5.RELEASE.jar:5.1.5.RELEASE]
	at org.junit.runners.ParentRunner$3.evaluate(ParentRunner.java:305) [junit-4.13-beta-2.jar:4.13-beta-2]
	at org.junit.runners.ParentRunner.run(ParentRunner.java:412) [junit-4.13-beta-2.jar:4.13-beta-2]
	at org.springframework.test.context.junit4.SpringJUnit4ClassRunner.run(SpringJUnit4ClassRunner.java:190) [spring-test-5.1.5.RELEASE.jar:5.1.5.RELEASE]
	at org.apache.maven.surefire.junit4.JUnit4Provider.execute(JUnit4Provider.java:365) [surefire-junit4-2.22.1.jar:2.22.1]
	at org.apache.maven.surefire.junit4.JUnit4Provider.executeWithRerun(JUnit4Provider.java:273) [surefire-junit4-2.22.1.jar:2.22.1]
	at org.apache.maven.surefire.junit4.JUnit4Provider.executeTestSet(JUnit4Provider.java:238) [surefire-junit4-2.22.1.jar:2.22.1]
	at org.apache.maven.surefire.junit4.JUnit4Provider.invoke(JUnit4Provider.java:159) [surefire-junit4-2.22.1.jar:2.22.1]
	at org.apache.maven.surefire.booter.ForkedBooter.invokeProviderInSameClassLoader(ForkedBooter.java:384) [surefire-booter-2.22.1.jar:2.22.1]
	at org.apache.maven.surefire.booter.ForkedBooter.runSuitesInProcess(ForkedBooter.java:345) [surefire-booter-2.22.1.jar:2.22.1]
	at org.apache.maven.surefire.booter.ForkedBooter.execute(ForkedBooter.java:126) [surefire-booter-2.22.1.jar:2.22.1]
	at org.apache.maven.surefire.booter.ForkedBooter.main(ForkedBooter.java:418) [surefire-booter-2.22.1.jar:2.22.1]
Caused by: org.attoparser.ParseException: Exception evaluating SpringEL expression: "keywords ?: commons.site_option('site_keywords')" (template: "themes/ahazww/header" - line 10, col 27)
	at org.attoparser.MarkupParser.parseDocument(MarkupParser.java:393) ~[attoparser-2.0.5.RELEASE.jar:2.0.5.RELEASE]
	at org.attoparser.MarkupParser.parse(MarkupParser.java:257) ~[attoparser-2.0.5.RELEASE.jar:2.0.5.RELEASE]
	at org.thymeleaf.templateparser.markup.AbstractMarkupTemplateParser.parse(AbstractMarkupTemplateParser.java:230) ~[thymeleaf-3.0.11.RELEASE.jar:3.0.11.RELEASE]
	... 40 common frames omitted
Caused by: org.thymeleaf.exceptions.TemplateProcessingException: Exception evaluating SpringEL expression: "keywords ?: commons.site_option('site_keywords')" (template: "themes/ahazww/header" - line 10, col 27)
	at org.thymeleaf.spring5.expression.SPELVariableExpressionEvaluator.evaluate(SPELVariableExpressionEvaluator.java:290) ~[thymeleaf-spring5-3.0.11.RELEASE.jar:3.0.11.RELEASE]
	at org.thymeleaf.standard.expression.VariableExpression.executeVariableExpression(VariableExpression.java:166) ~[thymeleaf-3.0.11.RELEASE.jar:3.0.11.RELEASE]
	at org.thymeleaf.standard.expression.SimpleExpression.executeSimple(SimpleExpression.java:66) ~[thymeleaf-3.0.11.RELEASE.jar:3.0.11.RELEASE]
	at org.thymeleaf.standard.expression.Expression.execute(Expression.java:109) ~[thymeleaf-3.0.11.RELEASE.jar:3.0.11.RELEASE]
	at org.thymeleaf.standard.expression.Expression.execute(Expression.java:138) ~[thymeleaf-3.0.11.RELEASE.jar:3.0.11.RELEASE]
	at org.thymeleaf.standard.processor.AbstractStandardExpressionAttributeTagProcessor.doProcess(AbstractStandardExpressionAttributeTagProcessor.java:144) ~[thymeleaf-3.0.11.RELEASE.jar:3.0.11.RELEASE]
	at org.thymeleaf.processor.element.AbstractAttributeTagProcessor.doProcess(AbstractAttributeTagProcessor.java:74) ~[thymeleaf-3.0.11.RELEASE.jar:3.0.11.RELEASE]
	at org.thymeleaf.processor.element.AbstractElementTagProcessor.process(AbstractElementTagProcessor.java:95) ~[thymeleaf-3.0.11.RELEASE.jar:3.0.11.RELEASE]
	at org.thymeleaf.util.ProcessorConfigurationUtils$ElementTagProcessorWrapper.process(ProcessorConfigurationUtils.java:633) ~[thymeleaf-3.0.11.RELEASE.jar:3.0.11.RELEASE]
	at org.thymeleaf.engine.ProcessorTemplateHandler.handleStandaloneElement(ProcessorTemplateHandler.java:918) ~[thymeleaf-3.0.11.RELEASE.jar:3.0.11.RELEASE]
	at org.thymeleaf.engine.StandaloneElementTag.beHandled(StandaloneElementTag.java:228) ~[thymeleaf-3.0.11.RELEASE.jar:3.0.11.RELEASE]
	at org.thymeleaf.engine.Model.process(Model.java:282) ~[thymeleaf-3.0.11.RELEASE.jar:3.0.11.RELEASE]
	at org.thymeleaf.engine.ProcessorTemplateHandler.handleOpenElement(ProcessorTemplateHandler.java:1587) ~[thymeleaf-3.0.11.RELEASE.jar:3.0.11.RELEASE]
	at org.thymeleaf.engine.TemplateHandlerAdapterMarkupHandler.handleOpenElementEnd(TemplateHandlerAdapterMarkupHandler.java:304) ~[thymeleaf-3.0.11.RELEASE.jar:3.0.11.RELEASE]
	at org.thymeleaf.templateparser.markup.InlinedOutputExpressionMarkupHandler$InlineMarkupAdapterPreProcessorHandler.handleOpenElementEnd(InlinedOutputExpressionMarkupHandler.java:278) ~[thymeleaf-3.0.11.RELEASE.jar:3.0.11.RELEASE]
	at org.thymeleaf.standard.inline.OutputExpressionInlinePreProcessorHandler.handleOpenElementEnd(OutputExpressionInlinePreProcessorHandler.java:186) ~[thymeleaf-3.0.11.RELEASE.jar:3.0.11.RELEASE]
	at org.thymeleaf.templateparser.markup.InlinedOutputExpressionMarkupHandler.handleOpenElementEnd(InlinedOutputExpressionMarkupHandler.java:124) ~[thymeleaf-3.0.11.RELEASE.jar:3.0.11.RELEASE]
	at org.attoparser.HtmlElement.handleOpenElementEnd(HtmlElement.java:109) ~[attoparser-2.0.5.RELEASE.jar:2.0.5.RELEASE]
	at org.attoparser.HtmlMarkupHandler.handleOpenElementEnd(HtmlMarkupHandler.java:297) ~[attoparser-2.0.5.RELEASE.jar:2.0.5.RELEASE]
	at org.attoparser.MarkupEventProcessorHandler.handleOpenElementEnd(MarkupEventProcessorHandler.java:402) ~[attoparser-2.0.5.RELEASE.jar:2.0.5.RELEASE]
	at org.attoparser.ParsingElementMarkupUtil.parseOpenElement(ParsingElementMarkupUtil.java:159) ~[attoparser-2.0.5.RELEASE.jar:2.0.5.RELEASE]
	at org.attoparser.MarkupParser.parseBuffer(MarkupParser.java:710) ~[attoparser-2.0.5.RELEASE.jar:2.0.5.RELEASE]
	at org.attoparser.MarkupParser.parseDocument(MarkupParser.java:301) ~[attoparser-2.0.5.RELEASE.jar:2.0.5.RELEASE]
	... 42 common frames omitted
Caused by: org.springframework.expression.spel.SpelEvaluationException: EL1011E: Method call: Attempted to call method site_option(java.lang.String) on null context object
	at org.springframework.expression.spel.ast.MethodReference.throwIfNotNullSafe(MethodReference.java:153) ~[spring-expression-5.1.5.RELEASE.jar:5.1.5.RELEASE]
	at org.springframework.expression.spel.ast.MethodReference.getValueRef(MethodReference.java:82) ~[spring-expression-5.1.5.RELEASE.jar:5.1.5.RELEASE]
	at org.springframework.expression.spel.ast.CompoundExpression.getValueRef(CompoundExpression.java:68) ~[spring-expression-5.1.5.RELEASE.jar:5.1.5.RELEASE]
	at org.springframework.expression.spel.ast.CompoundExpression.getValueInternal(CompoundExpression.java:89) ~[spring-expression-5.1.5.RELEASE.jar:5.1.5.RELEASE]
	at org.springframework.expression.spel.ast.Elvis.getValueInternal(Elvis.java:59) ~[spring-expression-5.1.5.RELEASE.jar:5.1.5.RELEASE]
	at org.springframework.expression.spel.ast.SpelNodeImpl.getValue(SpelNodeImpl.java:109) ~[spring-expression-5.1.5.RELEASE.jar:5.1.5.RELEASE]
	at org.springframework.expression.spel.standard.SpelExpression.getValue(SpelExpression.java:328) ~[spring-expression-5.1.5.RELEASE.jar:5.1.5.RELEASE]
	at org.thymeleaf.spring5.expression.SPELVariableExpressionEvaluator.evaluate(SPELVariableExpressionEvaluator.java:263) ~[thymeleaf-spring5-3.0.11.RELEASE.jar:3.0.11.RELEASE]
	... 64 common frames omitted

]]></system-out>
  </testcase>
</testsuite>